#
# There is insufficient memory for the Java Runtime Environment to continue.
# Native memory allocation (mmap) failed to map 2031616 bytes. Error detail: G1 virtual space
# Possible reasons:
#   The system is out of physical RAM or swap space
#   This process is running with CompressedOops enabled, and the Java Heap may be blocking the growth of the native heap
# Possible solutions:
#   Reduce memory load on the system
#   Increase physical memory or swap space
#   Check if swap backing store is full
#   Decrease Java heap size (-Xmx/-Xms)
#   Decrease number of Java threads
#   Decrease Java thread stack sizes (-Xss)
#   Set larger code cache with -XX:ReservedCodeCacheSize=
#   JVM is running with Unscaled Compressed Oops mode in which the Java heap is
#     placed in the first 4GB address space. The Java Heap base address is the
#     maximum limit for the native heap growth. Please use -XX:HeapBaseMinAddress
#     to set the Java Heap base and to place the Java Heap above 4GB virtual address.
# This output file may be truncated or incomplete.
#
#  Out of Memory Error (os_windows.cpp:3710), pid=11548, tid=21212
#
# JRE version:  (17.0.15+6) (build )
# Java VM: OpenJDK 64-Bit Server VM (17.0.15+6-LTS, mixed mode, sharing, tiered, compressed oops, compressed class ptrs, g1 gc, windows-amd64)
# No core dump will be written. Minidumps are not enabled by default on client versions of Windows
#

---------------  S U M M A R Y ------------

Command Line: -Dfile.encoding=UTF-8 -Duser.country=US -Duser.language=en -Duser.variant com.Main

Host: 11th Gen Intel(R) Core(TM) i5-11260H @ 2.60GHz, 12 cores, 7G,  Windows 11 , 64 bit Build 22621 (10.0.22621.3672)
Time: Sat Aug 23 19:25:04 2025 SE Asia Standard Time elapsed time: 0.017780 seconds (0d 0h 0m 0s)

---------------  T H R E A D  ---------------

Current thread (0x000002c92b8f8740):  JavaThread "Unknown thread" [_thread_in_vm, id=21212, stack(0x000000d9b3200000,0x000000d9b3300000)]

Stack: [0x000000d9b3200000,0x000000d9b3300000]
Native frames: (J=compiled Java code, j=interpreted, Vv=VM code, C=native code)
V  [jvm.dll+0x6887a9]
V  [jvm.dll+0x83f5a8]
V  [jvm.dll+0x841053]
V  [jvm.dll+0x8416c3]
V  [jvm.dll+0x2496ef]
V  [jvm.dll+0x6856e9]
V  [jvm.dll+0x679b7a]
V  [jvm.dll+0x30b0d7]
V  [jvm.dll+0x312646]
V  [jvm.dll+0x363023]
V  [jvm.dll+0x36324d]
V  [jvm.dll+0x2e236c]
V  [jvm.dll+0x2e3284]
V  [jvm.dll+0x8114db]
V  [jvm.dll+0x370d21]
V  [jvm.dll+0x7f011f]
V  [jvm.dll+0x3f781e]
V  [jvm.dll+0x3f9351]
C  [jli.dll+0x52a0]
C  [ucrtbase.dll+0x29333]
C  [KERNEL32.DLL+0x1257d]
C  [ntdll.dll+0x5af28]


---------------  P R O C E S S  ---------------

Threads class SMR info:
_java_thread_list=0x00007ff92438efd8, length=0, elements={
}

Java Threads: ( => current thread )

Other Threads:
  0x000002c92b952670 GCTaskThread "GC Thread#0" [stack: 0x000000d9b3300000,0x000000d9b3400000] [id=15692]
  0x000002c92b963d50 ConcurrentGCThread "G1 Main Marker" [stack: 0x000000d9b3400000,0x000000d9b3500000] [id=22500]
  0x000002c92b964770 ConcurrentGCThread "G1 Conc#0" [stack: 0x000000d9b3500000,0x000000d9b3600000] [id=6444]

[error occurred during error reporting (printing all threads), id 0xc0000005, EXCEPTION_ACCESS_VIOLATION (0xc0000005) at pc=0x00007ff923b42ec7]

VM state: not at safepoint (not fully initialized)

VM Mutex/Monitor currently owned by a thread:  ([mutex/lock_event])
[0x000002c92b8f3890] Heap_lock - owner thread: 0x000002c92b8f8740

Heap address: 0x0000000084400000, size: 1980 MB, Compressed Oops mode: 32-bit

CDS archive(s) mapped at: [0x0000000000000000-0x0000000000000000-0x0000000000000000), size 0, SharedBaseAddress: 0x0000000800000000, ArchiveRelocationMode: 1.
Narrow klass base: 0x0000000000000000, Narrow klass shift: 0, Narrow klass range: 0x0

GC Precious Log:
<Empty>

Heap:
 garbage-first heap   total 0K, used 0K [0x0000000084400000, 0x0000000100000000)
  region size 1024K, 0 young (0K), 0 survivors (0K)

[error occurred during error reporting (printing heap information), id 0xc0000005, EXCEPTION_ACCESS_VIOLATION (0xc0000005) at pc=0x00007ff923f32339]

GC Heap History (0 events):
No events

Dll operation events (1 events):
Event: 0.013 Loaded shared library C:\Users\vuquo\.jdks\ms-17.0.15\bin\java.dll

Deoptimization events (0 events):
No events

Classes loaded (0 events):
No events

Classes unloaded (0 events):
No events

Classes redefined (0 events):
No events

Internal exceptions (0 events):
No events

VM Operations (0 events):
No events

Memory protections (0 events):
No events

Nmethod flushes (0 events):
No events

Events (0 events):
No events


Dynamic libraries:
0x00007ff763fa0000 - 0x00007ff763fae000 	C:\Users\vuquo\.jdks\ms-17.0.15\bin\java.exe
0x00007ff9783d0000 - 0x00007ff9785e7000 	C:\Windows\SYSTEM32\ntdll.dll
0x00007ff977300000 - 0x00007ff9773c4000 	C:\Windows\System32\KERNEL32.DLL
0x00007ff975b20000 - 0x00007ff975ecd000 	C:\Windows\System32\KERNELBASE.dll
0x00007ff975ff0000 - 0x00007ff976101000 	C:\Windows\System32\ucrtbase.dll
0x00007ff963100000 - 0x00007ff96311d000 	C:\Users\vuquo\.jdks\ms-17.0.15\bin\VCRUNTIME140.dll
0x00007ff95d3f0000 - 0x00007ff95d407000 	C:\Users\vuquo\.jdks\ms-17.0.15\bin\jli.dll
0x00007ff977c80000 - 0x00007ff977e2e000 	C:\Windows\System32\USER32.dll
0x00007ff975fc0000 - 0x00007ff975fe6000 	C:\Windows\System32\win32u.dll
0x00007ff978070000 - 0x00007ff978099000 	C:\Windows\System32\GDI32.dll
0x00007ff9625e0000 - 0x00007ff962873000 	C:\Windows\WinSxS\amd64_microsoft.windows.common-controls_6595b64144ccf1df_6.0.22621.3672_none_2713b9d173822955\COMCTL32.dll
0x00007ff975890000 - 0x00007ff9759a9000 	C:\Windows\System32\gdi32full.dll
0x00007ff977480000 - 0x00007ff977527000 	C:\Windows\System32\msvcrt.dll
0x00007ff9757f0000 - 0x00007ff97588a000 	C:\Windows\System32\msvcp_win.dll
0x00007ff9772c0000 - 0x00007ff9772f1000 	C:\Windows\System32\IMM32.DLL
0x00007ff96c5b0000 - 0x00007ff96c5bc000 	C:\Users\vuquo\.jdks\ms-17.0.15\bin\vcruntime140_1.dll
0x00007ff95d360000 - 0x00007ff95d3ed000 	C:\Users\vuquo\.jdks\ms-17.0.15\bin\msvcp140.dll
0x00007ff923850000 - 0x00007ff9244c2000 	C:\Users\vuquo\.jdks\ms-17.0.15\bin\server\jvm.dll
0x00007ff976bc0000 - 0x00007ff976c72000 	C:\Windows\System32\ADVAPI32.dll
0x00007ff9773d0000 - 0x00007ff977479000 	C:\Windows\System32\sechost.dll
0x00007ff975ed0000 - 0x00007ff975ef8000 	C:\Windows\System32\bcrypt.dll
0x00007ff977530000 - 0x00007ff977644000 	C:\Windows\System32\RPCRT4.dll
0x00007ff9762c0000 - 0x00007ff976331000 	C:\Windows\System32\WS2_32.dll
0x00007ff96b930000 - 0x00007ff96b964000 	C:\Windows\SYSTEM32\WINMM.dll
0x00007ff96d710000 - 0x00007ff96d71a000 	C:\Windows\SYSTEM32\VERSION.dll
0x00007ff974560000 - 0x00007ff9745ad000 	C:\Windows\SYSTEM32\POWRPROF.dll
0x00007ff974540000 - 0x00007ff974553000 	C:\Windows\SYSTEM32\UMPDC.dll
0x00007ff9747f0000 - 0x00007ff974808000 	C:\Windows\SYSTEM32\kernel.appcore.dll
0x00007ff9630f0000 - 0x00007ff9630fa000 	C:\Users\vuquo\.jdks\ms-17.0.15\bin\jimage.dll
0x00007ff972800000 - 0x00007ff972a32000 	C:\Windows\SYSTEM32\DBGHELP.DLL
0x00007ff977650000 - 0x00007ff9779d8000 	C:\Windows\System32\combase.dll
0x00007ff9779e0000 - 0x00007ff977ab7000 	C:\Windows\System32\OLEAUT32.dll
0x00007ff9694e0000 - 0x00007ff969512000 	C:\Windows\SYSTEM32\dbgcore.DLL
0x00007ff975770000 - 0x00007ff9757eb000 	C:\Windows\System32\bcryptPrimitives.dll
0x00007ff95d330000 - 0x00007ff95d355000 	C:\Users\vuquo\.jdks\ms-17.0.15\bin\java.dll

dbghelp: loaded successfully - version: 4.0.5 - missing functions: none
symbol engine: initialized successfully - sym options: 0x614 - pdb path: .;C:\Users\vuquo\.jdks\ms-17.0.15\bin;C:\Windows\SYSTEM32;C:\Windows\WinSxS\amd64_microsoft.windows.common-controls_6595b64144ccf1df_6.0.22621.3672_none_2713b9d173822955;C:\Users\vuquo\.jdks\ms-17.0.15\bin\server

VM Arguments:
jvm_args: -Dfile.encoding=UTF-8 -Duser.country=US -Duser.language=en -Duser.variant 
java_command: com.Main
java_class_path (initial): D:\codegym\module-2\baitap\ProductManagerment\build\classes\java\main;D:\codegym\module-2\baitap\ProductManagerment\build\resources\main
Launcher Type: SUN_STANDARD

[Global flags]
     intx CICompilerCount                          = 4                                         {product} {ergonomic}
     uint ConcGCThreads                            = 3                                         {product} {ergonomic}
     uint G1ConcRefinementThreads                  = 10                                        {product} {ergonomic}
   size_t G1HeapRegionSize                         = 1048576                                   {product} {ergonomic}
    uintx GCDrainStackTargetSize                   = 64                                        {product} {ergonomic}
   size_t InitialHeapSize                          = 130023424                                 {product} {ergonomic}
   size_t MarkStackSize                            = 4194304                                   {product} {ergonomic}
   size_t MaxHeapSize                              = 2076180480                                {product} {ergonomic}
   size_t MinHeapDeltaBytes                        = 1048576                                   {product} {ergonomic}
   size_t MinHeapSize                              = 8388608                                   {product} {ergonomic}
    uintx NonNMethodCodeHeapSize                   = 5839372                                {pd product} {ergonomic}
    uintx NonProfiledCodeHeapSize                  = 122909434                              {pd product} {ergonomic}
    uintx ProfiledCodeHeapSize                     = 122909434                              {pd product} {ergonomic}
    uintx ReservedCodeCacheSize                    = 251658240                              {pd product} {ergonomic}
     bool SegmentedCodeCache                       = true                                      {product} {ergonomic}
   size_t SoftMaxHeapSize                          = 2076180480                             {manageable} {ergonomic}
     bool UseCompressedClassPointers               = true                           {product lp64_product} {ergonomic}
     bool UseCompressedOops                        = true                           {product lp64_product} {ergonomic}
     bool UseG1GC                                  = true                                      {product} {ergonomic}
     bool UseLargePagesIndividualAllocation        = false                                  {pd product} {ergonomic}

Logging:
Log output configuration:
 #0: stdout all=warning uptime,level,tags
 #1: stderr all=off uptime,level,tags

Environment Variables:
PATH=C:\Program Files\Common Files\Oracle\Java\javapath;C:\u01\app\oracle\product\21c\db_home\bin;D:\u01\app\oracle\product\21c\db_home\bin;D:\orcl21\app\oracle\product\21c\db_home\bin;C:\Program Files (x86)\VMware\VMware Workstation\bin\;C:\Windows\system32;C:\Windows;C:\Windows\System32\Wbem;C:\Windows\System32\WindowsPowerShell\v1.0\;C:\Windows\System32\OpenSSH\;C:\Program Files\dotnet\;C:\Program Files\Git\cmd;C:\Program Files\nodejs\;C:\Users\vuquo\AppData\Local\Programs\Python\Launcher\;C:\Users\vuquo\AppData\Local\Microsoft\WindowsApps;C:\Users\vuquo\AppData\Local\Programs\Microsoft VS Code\bin;C:\Users\vuquo\.dotnet\tools;C:\Users\vuquo\AppData\Roaming\npm;C:\Program Files\JetBrains\IntelliJ IDEA 2025.1.3\bin;
USERNAME=vuquo
OS=Windows_NT
PROCESSOR_IDENTIFIER=Intel64 Family 6 Model 141 Stepping 1, GenuineIntel
TMP=C:\Users\vuquo\AppData\Local\Temp
TEMP=C:\Users\vuquo\AppData\Local\Temp



Periodic native trim disabled


---------------  S Y S T E M  ---------------

OS:
 Windows 11 , 64 bit Build 22621 (10.0.22621.3672)
OS uptime: 5 days 2:18 hours
Hyper-V role detected

CPU: total 12 (initial active 12) (6 cores per cpu, 2 threads per core) family 6 model 141 stepping 1 microcode 0x34, cx8, cmov, fxsr, ht, mmx, 3dnowpref, sse, sse2, sse3, ssse3, sse4.1, sse4.2, popcnt, lzcnt, tsc, tscinvbit, avx, avx2, aes, erms, clmul, bmi1, bmi2, adx, avx512f, avx512dq, avx512cd, avx512bw, avx512vl, sha, fma, vzeroupper, avx512_vpopcntdq, avx512_vpclmulqdq, avx512_vaes, avx512_vnni, clflush, clflushopt, clwb, avx512_vbmi2, avx512_vbmi, hv
Processor Information for the first 12 processors :
  Max Mhz: 2611, Current Mhz: 2611, Mhz Limit: 2611

Memory: 4k page, system-wide physical 7913M (423M free)
TotalPageFile size 15913M (AvailPageFile size 5M)
current process WorkingSet (physical memory assigned to process): 11M, peak: 11M
current process commit charge ("private bytes"): 188M, peak: 190M

vm_info: OpenJDK 64-Bit Server VM (17.0.15+6-LTS) for windows-amd64 JRE (17.0.15+6-LTS), built on Apr  9 2025 22:27:25 by "MicrosoftCorporation" with unknown MS VC++:1939

END.
